<?xml version="1.0" encoding="UTF-8"?>
<testng-results ignored="0" total="1" passed="1" failed="0" skipped="0">
  <reporter-output>
  </reporter-output>
  <suite started-at="2020-07-30T21:35:00 IST" name="Default suite" finished-at="2020-07-30T21:35:36 IST" duration-ms="35514">
    <groups>
    </groups>
    <test started-at="2020-07-30T21:35:00 IST" name="Default test" finished-at="2020-07-30T21:35:36 IST" duration-ms="35514">
      <class name="com.actiTIME.test.CreateTask">
        <test-method is-config="true" signature="openBrowser()[pri:0, instance:com.actiTIME.test.CreateTask@4df50bcc]" started-at="2020-07-30T21:35:00 IST" name="openBrowser" finished-at="2020-07-30T21:35:06 IST" duration-ms="5613" status="PASS">
          <reporter-output>
          </reporter-output>
        </test-method> <!-- openBrowser -->
        <test-method is-config="true" signature="login()[pri:0, instance:com.actiTIME.test.CreateTask@4df50bcc]" started-at="2020-07-30T21:35:06 IST" name="login" finished-at="2020-07-30T21:35:18 IST" duration-ms="12203" status="PASS">
          <reporter-output>
          </reporter-output>
        </test-method> <!-- login -->
        <test-method signature="testCreateTask()[pri:0, instance:com.actiTIME.test.CreateTask@4df50bcc]" started-at="2020-07-30T21:35:18 IST" name="testCreateTask" finished-at="2020-07-30T21:35:31 IST" duration-ms="12534" status="PASS">
          <reporter-output>
          </reporter-output>
        </test-method> <!-- testCreateTask -->
        <test-method is-config="true" signature="logout()[pri:0, instance:com.actiTIME.test.CreateTask@4df50bcc]" started-at="2020-07-30T21:35:31 IST" name="logout" finished-at="2020-07-30T21:35:34 IST" duration-ms="2975" status="PASS">
          <reporter-output>
          </reporter-output>
        </test-method> <!-- logout -->
        <test-method is-config="true" signature="closeBrowser()[pri:0, instance:com.actiTIME.test.CreateTask@4df50bcc]" started-at="2020-07-30T21:35:34 IST" name="closeBrowser" finished-at="2020-07-30T21:35:36 IST" duration-ms="2154" status="PASS">
          <reporter-output>
          </reporter-output>
        </test-method> <!-- closeBrowser -->
      </class> <!-- com.actiTIME.test.CreateTask -->
    </test> <!-- Default test -->
  </suite> <!-- Default suite -->
</testng-results>
